<?xml version="1.0" encoding="UTF-8"?>
<coverage generated="1666537789431" clover="3.2.0">
  <project timestamp="1666537789431" name="All files">
    <metrics statements="20" coveredstatements="20" conditionals="6" coveredconditionals="4" methods="4" coveredmethods="4" elements="30" coveredelements="28" complexity="0" loc="20" ncloc="20" packages="2" files="3" classes="3"/>
    <package name="classes">
      <metrics statements="18" coveredstatements="18" conditionals="6" coveredconditionals="4" methods="4" coveredmethods="4"/>
      <file name="ElementType.js" path="C:\Users\omega\Documents\Programming\next-game\next-game\classes\ElementType.js">
        <metrics statements="6" coveredstatements="6" conditionals="0" coveredconditionals="0" methods="1" coveredmethods="1"/>
        <line num="12" count="1" type="stmt"/>
        <line num="13" count="1" type="stmt"/>
        <line num="14" count="1" type="stmt"/>
        <line num="15" count="1" type="stmt"/>
        <line num="16" count="1" type="stmt"/>
        <line num="17" count="1" type="stmt"/>
      </file>
      <file name="ElementTypeCollection.js" path="C:\Users\omega\Documents\Programming\next-game\next-game\classes\ElementTypeCollection.js">
        <metrics statements="12" coveredstatements="12" conditionals="6" coveredconditionals="4" methods="3" coveredmethods="3"/>
        <line num="5" count="1" type="stmt"/>
        <line num="15" count="1" type="cond" truecount="1" falsecount="1"/>
        <line num="16" count="1" type="stmt"/>
        <line num="19" count="1" type="stmt"/>
        <line num="28" count="2" type="stmt"/>
        <line num="29" count="1" type="cond" truecount="1" falsecount="1"/>
        <line num="30" count="1" type="stmt"/>
        <line num="34" count="1" type="stmt"/>
        <line num="43" count="2" type="cond" truecount="2" falsecount="0"/>
        <line num="44" count="1" type="stmt"/>
        <line num="48" count="1" type="stmt"/>
        <line num="50" count="1" type="stmt"/>
      </file>
    </package>
    <package name="tests">
      <metrics statements="2" coveredstatements="2" conditionals="0" coveredconditionals="0" methods="0" coveredmethods="0"/>
      <file name="TEST_Types.js" path="C:\Users\omega\Documents\Programming\next-game\next-game\tests\TEST_Types.js">
        <metrics statements="2" coveredstatements="2" conditionals="0" coveredconditionals="0" methods="0" coveredmethods="0"/>
        <line num="2" count="1" type="stmt"/>
        <line num="10" count="1" type="stmt"/>
      </file>
    </package>
  </project>
</coverage>
