{"C:\\Users\\omega\\Documents\\Programming\\next-game\\next-game\\classes\\ElementType.js": {"path":"C:\\Users\\omega\\Documents\\Programming\\next-game\\next-game\\classes\\ElementType.js","statementMap":{"0":{"start":{"line":12,"column":8},"end":{"line":12,"column":29}},"1":{"start":{"line":13,"column":8},"end":{"line":13,"column":25}},"2":{"start":{"line":14,"column":8},"end":{"line":14,"column":43}},"3":{"start":{"line":15,"column":8},"end":{"line":15,"column":39}},"4":{"start":{"line":16,"column":8},"end":{"line":16,"column":29}},"5":{"start":{"line":17,"column":8},"end":{"line":17,"column":45}}},"fnMap":{"0":{"name":"(anonymous_0)","decl":{"start":{"line":11,"column":4},"end":{"line":11,"column":5}},"loc":{"start":{"line":11,"column":82},"end":{"line":18,"column":5}},"line":11}},"branchMap":{},"s":{"0":1,"1":1,"2":1,"3":1,"4":1,"5":1},"f":{"0":1},"b":{},"_coverageSchema":"1a1c01bbd47fc00a2c39e90264f33305004495a9","hash":"30b133c649b582fd5e13fa36f9ae1ee75d30acec"}
,"C:\\Users\\omega\\Documents\\Programming\\next-game\\next-game\\classes\\ElementTypeCollection.js": {"path":"C:\\Users\\omega\\Documents\\Programming\\next-game\\next-game\\classes\\ElementTypeCollection.js","statementMap":{"0":{"start":{"line":5,"column":12},"end":{"line":5,"column":14}},"1":{"start":{"line":15,"column":8},"end":{"line":17,"column":9}},"2":{"start":{"line":16,"column":12},"end":{"line":16,"column":56}},"3":{"start":{"line":19,"column":8},"end":{"line":19,"column":28}},"4":{"start":{"line":28,"column":8},"end":{"line":32,"column":9}},"5":{"start":{"line":29,"column":12},"end":{"line":31,"column":13}},"6":{"start":{"line":30,"column":16},"end":{"line":30,"column":28}},"7":{"start":{"line":34,"column":8},"end":{"line":34,"column":18}},"8":{"start":{"line":43,"column":8},"end":{"line":45,"column":9}},"9":{"start":{"line":44,"column":12},"end":{"line":44,"column":18}},"10":{"start":{"line":48,"column":24},"end":{"line":48,"column":120}},"11":{"start":{"line":50,"column":8},"end":{"line":50,"column":33}}},"fnMap":{"0":{"name":"(anonymous_0)","decl":{"start":{"line":14,"column":4},"end":{"line":14,"column":5}},"loc":{"start":{"line":14,"column":25},"end":{"line":20,"column":5}},"line":14},"1":{"name":"(anonymous_1)","decl":{"start":{"line":27,"column":4},"end":{"line":27,"column":5}},"loc":{"start":{"line":27,"column":17},"end":{"line":35,"column":5}},"line":27},"2":{"name":"(anonymous_2)","decl":{"start":{"line":41,"column":4},"end":{"line":41,"column":5}},"loc":{"start":{"line":41,"column":18},"end":{"line":51,"column":5}},"line":41}},"branchMap":{"0":{"loc":{"start":{"line":15,"column":8},"end":{"line":17,"column":9}},"type":"if","locations":[{"start":{"line":15,"column":8},"end":{"line":17,"column":9}},{"start":{},"end":{}}],"line":15},"1":{"loc":{"start":{"line":29,"column":12},"end":{"line":31,"column":13}},"type":"if","locations":[{"start":{"line":29,"column":12},"end":{"line":31,"column":13}},{"start":{},"end":{}}],"line":29},"2":{"loc":{"start":{"line":43,"column":8},"end":{"line":45,"column":9}},"type":"if","locations":[{"start":{"line":43,"column":8},"end":{"line":45,"column":9}},{"start":{},"end":{}}],"line":43}},"s":{"0":1,"1":1,"2":1,"3":1,"4":2,"5":1,"6":1,"7":1,"8":2,"9":1,"10":1,"11":1},"f":{"0":1,"1":2,"2":2},"b":{"0":[1,0],"1":[1,0],"2":[1,1]},"_coverageSchema":"1a1c01bbd47fc00a2c39e90264f33305004495a9","hash":"9899439b25386e9f13ec010473986c43091dca39"}
,"C:\\Users\\omega\\Documents\\Programming\\next-game\\next-game\\tests\\TEST_Types.js": {"path":"C:\\Users\\omega\\Documents\\Programming\\next-game\\next-game\\tests\\TEST_Types.js","statementMap":{"0":{"start":{"line":2,"column":15},"end":{"line":8,"column":1}},"1":{"start":{"line":10,"column":26},"end":{"line":37,"column":1}}},"fnMap":{},"branchMap":{},"s":{"0":1,"1":1},"f":{},"b":{},"_coverageSchema":"1a1c01bbd47fc00a2c39e90264f33305004495a9","hash":"e58816825dc9aa3a834c79ac9a61538c4279464d"}
}
