TN:
SF:classes\ElementType.js
FN:11,(anonymous_0)
FNF:1
FNH:1
FNDA:1,(anonymous_0)
DA:12,1
DA:13,1
DA:14,1
DA:15,1
DA:16,1
DA:17,1
LF:6
LH:6
BRF:0
BRH:0
end_of_record
TN:
SF:classes\ElementTypeCollection.js
FN:14,(anonymous_0)
FN:27,(anonymous_1)
FN:41,(anonymous_2)
FNF:3
FNH:3
FNDA:1,(anonymous_0)
FNDA:2,(anonymous_1)
FNDA:2,(anonymous_2)
DA:5,1
DA:15,1
DA:16,1
DA:19,1
DA:28,2
DA:29,1
DA:30,1
DA:34,1
DA:43,2
DA:44,1
DA:48,1
DA:50,1
LF:12
LH:12
BRDA:15,0,0,1
BRDA:15,0,1,0
BRDA:29,1,0,1
BRDA:29,1,1,0
BRDA:43,2,0,1
BRDA:43,2,1,1
BRF:6
BRH:4
end_of_record
TN:
SF:tests\TEST_Types.js
FNF:0
FNH:0
DA:2,1
DA:10,1
LF:2
LH:2
BRF:0
BRH:0
end_of_record
